2025-04-13 14:06:53 [ERROR]: Unhandled error: Expected double-quoted property name in JSON at position 141 (line 7 column 1)
SyntaxError: Expected double-quoted property name in JSON at position 141 (line 7 column 1)
    at JSON.parse (<anonymous>)
    at parse (C:\Users\nisha\Videos\OnlineAsessmentPlatform- BACKEND\node_modules\body-parser\lib\types\json.js:77:19)
    at C:\Users\nisha\Videos\OnlineAsessmentPlatform- BACKEND\node_modules\body-parser\lib\read.js:123:18
    at AsyncResource.runInAsyncScope (node:async_hooks:211:14)
    at invokeCallback (C:\Users\nisha\Videos\OnlineAsessmentPlatform- BACKEND\node_modules\raw-body\index.js:238:16)
    at done (C:\Users\nisha\Videos\OnlineAsessmentPlatform- BACKEND\node_modules\raw-body\index.js:227:7)
    at IncomingMessage.onEnd (C:\Users\nisha\Videos\OnlineAsessmentPlatform- BACKEND\node_modules\raw-body\index.js:287:7)
    at IncomingMessage.emit (node:events:524:28)
    at endReadableNT (node:internal/streams/readable:1698:12)
    at process.processTicksAndRejections (node:internal/process/task_queues:90:21)
2025-04-13 14:08:59 [ERROR]: Unhandled error: Unexpected token ''', ..."  "name": 'Nishant M"... is not valid JSON
SyntaxError: Unexpected token ''', ..."  "name": 'Nishant M"... is not valid JSON
    at JSON.parse (<anonymous>)
    at parse (C:\Users\nisha\Videos\OnlineAsessmentPlatform- BACKEND\node_modules\body-parser\lib\types\json.js:77:19)
    at C:\Users\nisha\Videos\OnlineAsessmentPlatform- BACKEND\node_modules\body-parser\lib\read.js:123:18
    at AsyncResource.runInAsyncScope (node:async_hooks:211:14)
    at invokeCallback (C:\Users\nisha\Videos\OnlineAsessmentPlatform- BACKEND\node_modules\raw-body\index.js:238:16)
    at done (C:\Users\nisha\Videos\OnlineAsessmentPlatform- BACKEND\node_modules\raw-body\index.js:227:7)
    at IncomingMessage.onEnd (C:\Users\nisha\Videos\OnlineAsessmentPlatform- BACKEND\node_modules\raw-body\index.js:287:7)
    at IncomingMessage.emit (node:events:524:28)
    at endReadableNT (node:internal/streams/readable:1698:12)
    at process.processTicksAndRejections (node:internal/process/task_queues:90:21)
2025-04-13 14:09:12 [ERROR]: Unhandled error: Expected double-quoted property name in JSON at position 146 (line 7 column 1)
SyntaxError: Expected double-quoted property name in JSON at position 146 (line 7 column 1)
    at JSON.parse (<anonymous>)
    at parse (C:\Users\nisha\Videos\OnlineAsessmentPlatform- BACKEND\node_modules\body-parser\lib\types\json.js:77:19)
    at C:\Users\nisha\Videos\OnlineAsessmentPlatform- BACKEND\node_modules\body-parser\lib\read.js:123:18
    at AsyncResource.runInAsyncScope (node:async_hooks:211:14)
    at invokeCallback (C:\Users\nisha\Videos\OnlineAsessmentPlatform- BACKEND\node_modules\raw-body\index.js:238:16)
    at done (C:\Users\nisha\Videos\OnlineAsessmentPlatform- BACKEND\node_modules\raw-body\index.js:227:7)
    at IncomingMessage.onEnd (C:\Users\nisha\Videos\OnlineAsessmentPlatform- BACKEND\node_modules\raw-body\index.js:287:7)
    at IncomingMessage.emit (node:events:524:28)
    at endReadableNT (node:internal/streams/readable:1698:12)
    at process.processTicksAndRejections (node:internal/process/task_queues:90:21)
2025-04-13 14:52:51 [ERROR]: Failed to send password reset email: sendEmail is not defined
2025-04-13 14:52:51 [ERROR]: POST /api/auth/forgot-password 500 97ms
2025-04-13 14:53:46 [ERROR]: Failed to send password reset email: PasswordResetEmail is not defined
2025-04-13 14:53:46 [ERROR]: POST /api/auth/forgot-password 500 126ms
2025-04-13 15:26:20 [ERROR]: Unhandled error: Expected double-quoted property name in JSON at position 324 (line 14 column 1)
SyntaxError: Expected double-quoted property name in JSON at position 324 (line 14 column 1)
    at JSON.parse (<anonymous>)
    at parse (C:\Users\nisha\Videos\OnlineAsessmentPlatform- BACKEND\node_modules\body-parser\lib\types\json.js:77:19)
    at C:\Users\nisha\Videos\OnlineAsessmentPlatform- BACKEND\node_modules\body-parser\lib\read.js:123:18
    at AsyncResource.runInAsyncScope (node:async_hooks:211:14)
    at invokeCallback (C:\Users\nisha\Videos\OnlineAsessmentPlatform- BACKEND\node_modules\raw-body\index.js:238:16)
    at done (C:\Users\nisha\Videos\OnlineAsessmentPlatform- BACKEND\node_modules\raw-body\index.js:227:7)
    at IncomingMessage.onEnd (C:\Users\nisha\Videos\OnlineAsessmentPlatform- BACKEND\node_modules\raw-body\index.js:287:7)
    at IncomingMessage.emit (node:events:524:28)
    at endReadableNT (node:internal/streams/readable:1698:12)
    at process.processTicksAndRejections (node:internal/process/task_queues:90:21)
2025-04-13 15:32:51 [ERROR]: GET /api/exam/available 500 7ms
2025-04-13 16:09:37 [ERROR]: Error while creating exam: Cannot read properties of undefined (reading 'id')
TypeError: Cannot read properties of undefined (reading 'id')
    at exports.createExam (C:\Users\nisha\Videos\OnlineAsessmentPlatform- BACKEND\controllers\examController.js:65:27)
    at Layer.handleRequest (C:\Users\nisha\Videos\OnlineAsessmentPlatform- BACKEND\node_modules\router\lib\layer.js:152:17)
    at next (C:\Users\nisha\Videos\OnlineAsessmentPlatform- BACKEND\node_modules\router\lib\route.js:157:13)
    at middleware (C:\Users\nisha\Videos\OnlineAsessmentPlatform- BACKEND\node_modules\express-validator\lib\middlewares\check.js:16:13)
    at process.processTicksAndRejections (node:internal/process/task_queues:105:5)
2025-04-13 16:09:37 [ERROR]: POST /api/exam/createExam 500 16ms
2025-04-13 16:14:11 [ERROR]: Error while creating exam: Cannot read properties of undefined (reading 'id')
TypeError: Cannot read properties of undefined (reading 'id')
    at exports.createExam (C:\Users\nisha\Videos\OnlineAsessmentPlatform- BACKEND\controllers\examController.js:65:27)
    at Layer.handleRequest (C:\Users\nisha\Videos\OnlineAsessmentPlatform- BACKEND\node_modules\router\lib\layer.js:152:17)
    at next (C:\Users\nisha\Videos\OnlineAsessmentPlatform- BACKEND\node_modules\router\lib\route.js:157:13)
    at middleware (C:\Users\nisha\Videos\OnlineAsessmentPlatform- BACKEND\node_modules\express-validator\lib\middlewares\check.js:16:13)
    at process.processTicksAndRejections (node:internal/process/task_queues:105:5)
2025-04-13 16:14:11 [ERROR]: POST /api/exam/createExam 500 10ms
2025-04-13 16:36:51 [ERROR]: Login error: Invalid user object: _id is required and must be a string
2025-04-13 16:36:51 [ERROR]: POST /api/auth/login 500 106ms
2025-04-13 16:36:52 [ERROR]: Login error: Invalid user object: _id is required and must be a string
2025-04-13 16:36:52 [ERROR]: POST /api/auth/login 500 104ms
2025-04-15 19:39:46 [ERROR]: Error while creating exam: Cannot read properties of undefined (reading 'id')
TypeError: Cannot read properties of undefined (reading 'id')
    at exports.createExam (C:\Users\nisha\Videos\OnlineAsessmentPlatform- BACKEND\controllers\examController.js:65:27)
    at Layer.handleRequest (C:\Users\nisha\Videos\OnlineAsessmentPlatform- BACKEND\node_modules\router\lib\layer.js:152:17)
    at next (C:\Users\nisha\Videos\OnlineAsessmentPlatform- BACKEND\node_modules\router\lib\route.js:157:13)
    at middleware (C:\Users\nisha\Videos\OnlineAsessmentPlatform- BACKEND\node_modules\express-validator\lib\middlewares\check.js:16:13)
    at process.processTicksAndRejections (node:internal/process/task_queues:105:5)
2025-04-15 19:39:46 [ERROR]: POST /api/exam/createExam 500 31ms
2025-04-15 19:41:23 [ERROR]: Error while creating exam: Cannot read properties of undefined (reading 'id')
TypeError: Cannot read properties of undefined (reading 'id')
    at exports.createExam (C:\Users\nisha\Videos\OnlineAsessmentPlatform- BACKEND\controllers\examController.js:65:27)
    at Layer.handleRequest (C:\Users\nisha\Videos\OnlineAsessmentPlatform- BACKEND\node_modules\router\lib\layer.js:152:17)
    at next (C:\Users\nisha\Videos\OnlineAsessmentPlatform- BACKEND\node_modules\router\lib\route.js:157:13)
    at middleware (C:\Users\nisha\Videos\OnlineAsessmentPlatform- BACKEND\node_modules\express-validator\lib\middlewares\check.js:16:13)
    at process.processTicksAndRejections (node:internal/process/task_queues:105:5)
2025-04-15 19:41:23 [ERROR]: POST /api/exam/createExam 500 5ms
2025-04-15 19:42:55 [ERROR]: Error while creating exam: Cannot read properties of undefined (reading 'id')
TypeError: Cannot read properties of undefined (reading 'id')
    at exports.createExam (C:\Users\nisha\Videos\OnlineAsessmentPlatform- BACKEND\controllers\examController.js:65:27)
    at Layer.handleRequest (C:\Users\nisha\Videos\OnlineAsessmentPlatform- BACKEND\node_modules\router\lib\layer.js:152:17)
    at next (C:\Users\nisha\Videos\OnlineAsessmentPlatform- BACKEND\node_modules\router\lib\route.js:157:13)
    at middleware (C:\Users\nisha\Videos\OnlineAsessmentPlatform- BACKEND\node_modules\express-validator\lib\middlewares\check.js:16:13)
    at process.processTicksAndRejections (node:internal/process/task_queues:105:5)
2025-04-15 19:42:55 [ERROR]: POST /api/exam/createExam 500 3ms
2025-04-15 20:01:10 [ERROR]: Error while creating exam: Cannot read properties of undefined (reading 'id')
TypeError: Cannot read properties of undefined (reading 'id')
    at exports.createExam (C:\Users\nisha\Videos\OnlineAsessmentPlatform- BACKEND\controllers\examController.js:65:27)
    at Layer.handleRequest (C:\Users\nisha\Videos\OnlineAsessmentPlatform- BACKEND\node_modules\router\lib\layer.js:152:17)
    at next (C:\Users\nisha\Videos\OnlineAsessmentPlatform- BACKEND\node_modules\router\lib\route.js:157:13)
    at middleware (C:\Users\nisha\Videos\OnlineAsessmentPlatform- BACKEND\node_modules\express-validator\lib\middlewares\check.js:16:13)
    at process.processTicksAndRejections (node:internal/process/task_queues:105:5)
2025-04-15 20:01:10 [ERROR]: POST /api/exam/createExam 500 5ms
2025-04-15 20:01:15 [ERROR]: Error while creating exam: Cannot read properties of undefined (reading 'id')
TypeError: Cannot read properties of undefined (reading 'id')
    at exports.createExam (C:\Users\nisha\Videos\OnlineAsessmentPlatform- BACKEND\controllers\examController.js:65:27)
    at Layer.handleRequest (C:\Users\nisha\Videos\OnlineAsessmentPlatform- BACKEND\node_modules\router\lib\layer.js:152:17)
    at next (C:\Users\nisha\Videos\OnlineAsessmentPlatform- BACKEND\node_modules\router\lib\route.js:157:13)
    at middleware (C:\Users\nisha\Videos\OnlineAsessmentPlatform- BACKEND\node_modules\express-validator\lib\middlewares\check.js:16:13)
    at process.processTicksAndRejections (node:internal/process/task_queues:105:5)
2025-04-15 20:01:15 [ERROR]: POST /api/exam/createExam 500 5ms
2025-04-15 20:04:55 [ERROR]: Error while creating exam: Cannot read properties of undefined (reading 'id')
TypeError: Cannot read properties of undefined (reading 'id')
    at exports.createExam (C:\Users\nisha\Videos\OnlineAsessmentPlatform- BACKEND\controllers\examController.js:65:27)
    at Layer.handleRequest (C:\Users\nisha\Videos\OnlineAsessmentPlatform- BACKEND\node_modules\router\lib\layer.js:152:17)
    at next (C:\Users\nisha\Videos\OnlineAsessmentPlatform- BACKEND\node_modules\router\lib\route.js:157:13)
    at middleware (C:\Users\nisha\Videos\OnlineAsessmentPlatform- BACKEND\node_modules\express-validator\lib\middlewares\check.js:16:13)
    at process.processTicksAndRejections (node:internal/process/task_queues:105:5)
2025-04-15 20:04:55 [ERROR]: POST /api/exam/createExam 500 4ms
2025-04-15 20:05:09 [ERROR]: Error while creating exam: Cannot read properties of undefined (reading 'id')
TypeError: Cannot read properties of undefined (reading 'id')
    at exports.createExam (C:\Users\nisha\Videos\OnlineAsessmentPlatform- BACKEND\controllers\examController.js:65:27)
    at Layer.handleRequest (C:\Users\nisha\Videos\OnlineAsessmentPlatform- BACKEND\node_modules\router\lib\layer.js:152:17)
    at next (C:\Users\nisha\Videos\OnlineAsessmentPlatform- BACKEND\node_modules\router\lib\route.js:157:13)
    at middleware (C:\Users\nisha\Videos\OnlineAsessmentPlatform- BACKEND\node_modules\express-validator\lib\middlewares\check.js:16:13)
    at process.processTicksAndRejections (node:internal/process/task_queues:105:5)
2025-04-15 20:05:09 [ERROR]: POST /api/exam/createExam 500 2ms
2025-04-15 20:09:29 [ERROR]: Error while creating exam: Cannot read properties of undefined (reading 'id')
TypeError: Cannot read properties of undefined (reading 'id')
    at exports.createExam (C:\Users\nisha\Videos\OnlineAsessmentPlatform- BACKEND\controllers\examController.js:65:27)
    at Layer.handleRequest (C:\Users\nisha\Videos\OnlineAsessmentPlatform- BACKEND\node_modules\router\lib\layer.js:152:17)
    at next (C:\Users\nisha\Videos\OnlineAsessmentPlatform- BACKEND\node_modules\router\lib\route.js:157:13)
    at middleware (C:\Users\nisha\Videos\OnlineAsessmentPlatform- BACKEND\node_modules\express-validator\lib\middlewares\check.js:16:13)
    at process.processTicksAndRejections (node:internal/process/task_queues:105:5)
2025-04-15 20:09:29 [ERROR]: POST /api/exam/createExam 500 6ms
2025-04-15 20:12:18 [ERROR]: Error while creating exam: Cannot read properties of undefined (reading 'id')
TypeError: Cannot read properties of undefined (reading 'id')
    at exports.createExam (C:\Users\nisha\Videos\OnlineAsessmentPlatform- BACKEND\controllers\examController.js:65:27)
    at Layer.handleRequest (C:\Users\nisha\Videos\OnlineAsessmentPlatform- BACKEND\node_modules\router\lib\layer.js:152:17)
    at next (C:\Users\nisha\Videos\OnlineAsessmentPlatform- BACKEND\node_modules\router\lib\route.js:157:13)
    at middleware (C:\Users\nisha\Videos\OnlineAsessmentPlatform- BACKEND\node_modules\express-validator\lib\middlewares\check.js:16:13)
    at process.processTicksAndRejections (node:internal/process/task_queues:105:5)
2025-04-15 20:12:18 [ERROR]: POST /api/exam/createExam 500 7ms
2025-04-15 20:49:28 [ERROR]: Error while creating exam: Cannot read properties of undefined (reading 'id')
TypeError: Cannot read properties of undefined (reading 'id')
    at exports.createExam (C:\Users\nisha\Videos\OnlineAsessmentPlatform- BACKEND\controllers\examController.js:65:27)
    at Layer.handleRequest (C:\Users\nisha\Videos\OnlineAsessmentPlatform- BACKEND\node_modules\router\lib\layer.js:152:17)
    at next (C:\Users\nisha\Videos\OnlineAsessmentPlatform- BACKEND\node_modules\router\lib\route.js:157:13)
    at middleware (C:\Users\nisha\Videos\OnlineAsessmentPlatform- BACKEND\node_modules\express-validator\lib\middlewares\check.js:16:13)
    at process.processTicksAndRejections (node:internal/process/task_queues:105:5)
2025-04-15 20:49:28 [ERROR]: POST /api/exam/createExam 500 10ms
2025-04-15 20:54:22 [ERROR]: Error while creating exam: Cannot read properties of undefined (reading 'id')
TypeError: Cannot read properties of undefined (reading 'id')
    at exports.createExam (C:\Users\nisha\Videos\OnlineAsessmentPlatform- BACKEND\controllers\examController.js:65:27)
    at Layer.handleRequest (C:\Users\nisha\Videos\OnlineAsessmentPlatform- BACKEND\node_modules\router\lib\layer.js:152:17)
    at next (C:\Users\nisha\Videos\OnlineAsessmentPlatform- BACKEND\node_modules\router\lib\route.js:157:13)
    at middleware (C:\Users\nisha\Videos\OnlineAsessmentPlatform- BACKEND\node_modules\express-validator\lib\middlewares\check.js:16:13)
    at process.processTicksAndRejections (node:internal/process/task_queues:105:5)
2025-04-15 20:54:22 [ERROR]: POST /api/exam/createExam 500 4ms
2025-04-15 20:54:25 [ERROR]: Error while creating exam: Cannot read properties of undefined (reading 'id')
TypeError: Cannot read properties of undefined (reading 'id')
    at exports.createExam (C:\Users\nisha\Videos\OnlineAsessmentPlatform- BACKEND\controllers\examController.js:65:27)
    at Layer.handleRequest (C:\Users\nisha\Videos\OnlineAsessmentPlatform- BACKEND\node_modules\router\lib\layer.js:152:17)
    at next (C:\Users\nisha\Videos\OnlineAsessmentPlatform- BACKEND\node_modules\router\lib\route.js:157:13)
    at middleware (C:\Users\nisha\Videos\OnlineAsessmentPlatform- BACKEND\node_modules\express-validator\lib\middlewares\check.js:16:13)
    at process.processTicksAndRejections (node:internal/process/task_queues:105:5)
2025-04-15 20:54:25 [ERROR]: POST /api/exam/createExam 500 2ms
2025-04-15 22:02:47 [ERROR]: Token verification failed
2025-04-15 22:17:36 [ERROR]: All Exam retrieval error: Schema hasn't been registered for model "Question".
Use mongoose.model(name, schema)
MissingSchemaError: Schema hasn't been registered for model "Question".
Use mongoose.model(name, schema)
    at NativeConnection.model (C:\Users\nisha\Videos\OnlineAsessmentPlatform- BACKEND\node_modules\mongoose\lib\connection.js:1491:13)
    at _getModelFromConn (C:\Users\nisha\Videos\OnlineAsessmentPlatform- BACKEND\node_modules\mongoose\lib\helpers\populate\getModelsMapForPopulate.js:579:15)
    at addModelNamesToMap (C:\Users\nisha\Videos\OnlineAsessmentPlatform- BACKEND\node_modules\mongoose\lib\helpers\populate\getModelsMapForPopulate.js:507:17)
    at getModelsMapForPopulate (C:\Users\nisha\Videos\OnlineAsessmentPlatform- BACKEND\node_modules\mongoose\lib\helpers\populate\getModelsMapForPopulate.js:208:7)
    at _populatePath (C:\Users\nisha\Videos\OnlineAsessmentPlatform- BACKEND\node_modules\mongoose\lib\model.js:4446:21)
    at Function.populate (C:\Users\nisha\Videos\OnlineAsessmentPlatform- BACKEND\node_modules\mongoose\lib\model.js:4413:21)
    at model.Query._find (C:\Users\nisha\Videos\OnlineAsessmentPlatform- BACKEND\node_modules\mongoose\lib\query.js:2407:20)
    at process.processTicksAndRejections (node:internal/process/task_queues:105:5)
    at async model.Query.exec (C:\Users\nisha\Videos\OnlineAsessmentPlatform- BACKEND\node_modules\mongoose\lib\query.js:4456:63)
    at async exports.getAllExams (C:\Users\nisha\Videos\OnlineAsessmentPlatform- BACKEND\controllers\examController.js:100:19)
2025-04-15 22:17:36 [ERROR]: GET /api/exam/all 500 76ms
2025-04-15 23:15:03 [ERROR]: Error fetching user profile: Schema hasn't been registered for model "Results".
Use mongoose.model(name, schema)
MissingSchemaError: Schema hasn't been registered for model "Results".
Use mongoose.model(name, schema)
    at NativeConnection.model (C:\Users\nisha\Videos\OnlineAsessmentPlatform- BACKEND\node_modules\mongoose\lib\connection.js:1491:13)
    at _getModelFromConn (C:\Users\nisha\Videos\OnlineAsessmentPlatform- BACKEND\node_modules\mongoose\lib\helpers\populate\getModelsMapForPopulate.js:579:15)
    at addModelNamesToMap (C:\Users\nisha\Videos\OnlineAsessmentPlatform- BACKEND\node_modules\mongoose\lib\helpers\populate\getModelsMapForPopulate.js:507:17)
    at getModelsMapForPopulate (C:\Users\nisha\Videos\OnlineAsessmentPlatform- BACKEND\node_modules\mongoose\lib\helpers\populate\getModelsMapForPopulate.js:208:7)
    at _populatePath (C:\Users\nisha\Videos\OnlineAsessmentPlatform- BACKEND\node_modules\mongoose\lib\model.js:4446:21)
    at Function.populate (C:\Users\nisha\Videos\OnlineAsessmentPlatform- BACKEND\node_modules\mongoose\lib\model.js:4413:21)
    at model.Query._find (C:\Users\nisha\Videos\OnlineAsessmentPlatform- BACKEND\node_modules\mongoose\lib\query.js:2407:20)
    at process.processTicksAndRejections (node:internal/process/task_queues:105:5)
    at async model.Query.exec (C:\Users\nisha\Videos\OnlineAsessmentPlatform- BACKEND\node_modules\mongoose\lib\query.js:4456:63)
    at async Promise.all (index 0)
2025-04-15 23:15:03 [ERROR]: GET /api/profile/me 500 115ms
2025-04-15 23:15:36 [ERROR]: Token verification failed
2025-04-15 23:18:55 [ERROR]: Error fetching user profile: Schema hasn't been registered for model "Results".
Use mongoose.model(name, schema)
MissingSchemaError: Schema hasn't been registered for model "Results".
Use mongoose.model(name, schema)
    at NativeConnection.model (C:\Users\nisha\Videos\OnlineAsessmentPlatform- BACKEND\node_modules\mongoose\lib\connection.js:1491:13)
    at _getModelFromConn (C:\Users\nisha\Videos\OnlineAsessmentPlatform- BACKEND\node_modules\mongoose\lib\helpers\populate\getModelsMapForPopulate.js:579:15)
    at addModelNamesToMap (C:\Users\nisha\Videos\OnlineAsessmentPlatform- BACKEND\node_modules\mongoose\lib\helpers\populate\getModelsMapForPopulate.js:507:17)
    at getModelsMapForPopulate (C:\Users\nisha\Videos\OnlineAsessmentPlatform- BACKEND\node_modules\mongoose\lib\helpers\populate\getModelsMapForPopulate.js:208:7)
    at _populatePath (C:\Users\nisha\Videos\OnlineAsessmentPlatform- BACKEND\node_modules\mongoose\lib\model.js:4446:21)
    at Function.populate (C:\Users\nisha\Videos\OnlineAsessmentPlatform- BACKEND\node_modules\mongoose\lib\model.js:4413:21)
    at model.Query._find (C:\Users\nisha\Videos\OnlineAsessmentPlatform- BACKEND\node_modules\mongoose\lib\query.js:2407:20)
    at process.processTicksAndRejections (node:internal/process/task_queues:105:5)
    at async model.Query.exec (C:\Users\nisha\Videos\OnlineAsessmentPlatform- BACKEND\node_modules\mongoose\lib\query.js:4456:63)
    at async Promise.all (index 0)
2025-04-15 23:18:55 [ERROR]: GET /api/profile/me 500 83ms
2025-04-15 23:19:53 [ERROR]: Error fetching user profile: Schema hasn't been registered for model "Results".
Use mongoose.model(name, schema)
MissingSchemaError: Schema hasn't been registered for model "Results".
Use mongoose.model(name, schema)
    at NativeConnection.model (C:\Users\nisha\Videos\OnlineAsessmentPlatform- BACKEND\node_modules\mongoose\lib\connection.js:1491:13)
    at _getModelFromConn (C:\Users\nisha\Videos\OnlineAsessmentPlatform- BACKEND\node_modules\mongoose\lib\helpers\populate\getModelsMapForPopulate.js:579:15)
    at addModelNamesToMap (C:\Users\nisha\Videos\OnlineAsessmentPlatform- BACKEND\node_modules\mongoose\lib\helpers\populate\getModelsMapForPopulate.js:507:17)
    at getModelsMapForPopulate (C:\Users\nisha\Videos\OnlineAsessmentPlatform- BACKEND\node_modules\mongoose\lib\helpers\populate\getModelsMapForPopulate.js:208:7)
    at _populatePath (C:\Users\nisha\Videos\OnlineAsessmentPlatform- BACKEND\node_modules\mongoose\lib\model.js:4446:21)
    at Function.populate (C:\Users\nisha\Videos\OnlineAsessmentPlatform- BACKEND\node_modules\mongoose\lib\model.js:4413:21)
    at model.Query._find (C:\Users\nisha\Videos\OnlineAsessmentPlatform- BACKEND\node_modules\mongoose\lib\query.js:2407:20)
    at process.processTicksAndRejections (node:internal/process/task_queues:105:5)
    at async model.Query.exec (C:\Users\nisha\Videos\OnlineAsessmentPlatform- BACKEND\node_modules\mongoose\lib\query.js:4456:63)
    at async Promise.all (index 0)
2025-04-15 23:19:53 [ERROR]: GET /api/profile/me 500 104ms
2025-04-15 23:21:54 [ERROR]: Error fetching user profile: Schema hasn't been registered for model "Results".
Use mongoose.model(name, schema)
MissingSchemaError: Schema hasn't been registered for model "Results".
Use mongoose.model(name, schema)
    at NativeConnection.model (C:\Users\nisha\Videos\OnlineAsessmentPlatform- BACKEND\node_modules\mongoose\lib\connection.js:1491:13)
    at _getModelFromConn (C:\Users\nisha\Videos\OnlineAsessmentPlatform- BACKEND\node_modules\mongoose\lib\helpers\populate\getModelsMapForPopulate.js:579:15)
    at addModelNamesToMap (C:\Users\nisha\Videos\OnlineAsessmentPlatform- BACKEND\node_modules\mongoose\lib\helpers\populate\getModelsMapForPopulate.js:507:17)
    at getModelsMapForPopulate (C:\Users\nisha\Videos\OnlineAsessmentPlatform- BACKEND\node_modules\mongoose\lib\helpers\populate\getModelsMapForPopulate.js:208:7)
    at _populatePath (C:\Users\nisha\Videos\OnlineAsessmentPlatform- BACKEND\node_modules\mongoose\lib\model.js:4446:21)
    at Function.populate (C:\Users\nisha\Videos\OnlineAsessmentPlatform- BACKEND\node_modules\mongoose\lib\model.js:4413:21)
    at model.Query._find (C:\Users\nisha\Videos\OnlineAsessmentPlatform- BACKEND\node_modules\mongoose\lib\query.js:2407:20)
    at process.processTicksAndRejections (node:internal/process/task_queues:105:5)
    at async model.Query.exec (C:\Users\nisha\Videos\OnlineAsessmentPlatform- BACKEND\node_modules\mongoose\lib\query.js:4456:63)
    at async Promise.all (index 0)
2025-04-15 23:21:54 [ERROR]: GET /api/profile/me 500 111ms
2025-04-15 23:48:16 [ERROR]: GET /api/profile/students 500 5ms
2025-04-15 23:51:25 [ERROR]: GET /api/profile/student/67fe483aafb214ad85dc9418 500 4ms
2025-04-15 23:52:40 [ERROR]: Error fetching student profile: Cast to ObjectId failed for value "67fe483aafb214ad85dc941" (type string) at path "_id" for model "User"
CastError: Cast to ObjectId failed for value "67fe483aafb214ad85dc941" (type string) at path "_id" for model "User"
    at SchemaObjectId.cast (C:\Users\nisha\Videos\OnlineAsessmentPlatform- BACKEND\node_modules\mongoose\lib\schema\objectId.js:251:11)
    at SchemaType.applySetters (C:\Users\nisha\Videos\OnlineAsessmentPlatform- BACKEND\node_modules\mongoose\lib\schemaType.js:1255:12)
    at SchemaType.castForQuery (C:\Users\nisha\Videos\OnlineAsessmentPlatform- BACKEND\node_modules\mongoose\lib\schemaType.js:1673:17)
    at cast (C:\Users\nisha\Videos\OnlineAsessmentPlatform- BACKEND\node_modules\mongoose\lib\cast.js:390:32)
    at Query.cast (C:\Users\nisha\Videos\OnlineAsessmentPlatform- BACKEND\node_modules\mongoose\lib\query.js:4907:12)
    at Query._castConditions (C:\Users\nisha\Videos\OnlineAsessmentPlatform- BACKEND\node_modules\mongoose\lib\query.js:2325:10)
    at model.Query._findOne (C:\Users\nisha\Videos\OnlineAsessmentPlatform- BACKEND\node_modules\mongoose\lib\query.js:2648:8)
    at model.Query.exec (C:\Users\nisha\Videos\OnlineAsessmentPlatform- BACKEND\node_modules\mongoose\lib\query.js:4456:80)
    at process.processTicksAndRejections (node:internal/process/task_queues:105:5)
    at async exports.getStudentProfile (C:\Users\nisha\Videos\OnlineAsessmentPlatform- BACKEND\controllers\profileController.js:313:21)
2025-04-16 08:25:22 [ERROR]: Token verification failed
2025-04-16 11:14:34 [ERROR]: Token verification failed
2025-04-16 11:15:08 [ERROR]: Error creating question: exam is not defined
ReferenceError: exam is not defined
    at exports.createQuestion (C:\Users\nisha\Videos\OnlineAsessmentPlatform- BACKEND\controllers\questionController.js:54:5)
    at Layer.handleRequest (C:\Users\nisha\Videos\OnlineAsessmentPlatform- BACKEND\node_modules\router\lib\layer.js:152:17)
    at next (C:\Users\nisha\Videos\OnlineAsessmentPlatform- BACKEND\node_modules\router\lib\route.js:157:13)
    at middleware (C:\Users\nisha\Videos\OnlineAsessmentPlatform- BACKEND\node_modules\express-validator\lib\middlewares\check.js:16:13)
    at process.processTicksAndRejections (node:internal/process/task_queues:105:5)
2025-04-16 11:15:08 [ERROR]: POST /api/question/ 500 20ms
2025-04-16 11:16:15 [ERROR]: Error creating question: exam is not defined
ReferenceError: exam is not defined
    at exports.createQuestion (C:\Users\nisha\Videos\OnlineAsessmentPlatform- BACKEND\controllers\questionController.js:54:5)
    at Layer.handleRequest (C:\Users\nisha\Videos\OnlineAsessmentPlatform- BACKEND\node_modules\router\lib\layer.js:152:17)
    at next (C:\Users\nisha\Videos\OnlineAsessmentPlatform- BACKEND\node_modules\router\lib\route.js:157:13)
    at middleware (C:\Users\nisha\Videos\OnlineAsessmentPlatform- BACKEND\node_modules\express-validator\lib\middlewares\check.js:16:13)
    at process.processTicksAndRejections (node:internal/process/task_queues:105:5)
2025-04-16 11:16:15 [ERROR]: POST /api/question/ 500 5ms
2025-04-16 11:17:28 [ERROR]: Token verification failed
2025-04-16 11:53:15 [ERROR]: Token verification failed
2025-04-16 11:54:23 [ERROR]: Token verification failed
2025-04-16 11:55:07 [ERROR]: Token verification failed
2025-04-16 12:23:35 [ERROR]: Token verification failed
2025-04-16 12:25:14 [ERROR]: Token verification failed
2025-04-16 12:41:28 [ERROR]: Token verification failed
2025-04-16 12:44:28 [ERROR]: Token verification failed
2025-04-16 13:30:33 [ERROR]: Token verification failed
2025-04-16 14:51:33 [ERROR]: Token verification failed
2025-04-16 15:12:44 [ERROR]: Token verification failed
2025-04-19 09:12:22 [ERROR]: Token verification failed
2025-04-19 11:04:49 [ERROR]: Token verification failed
2025-04-19 11:04:49 [ERROR]: Token verification failed
2025-04-19 11:04:49 [ERROR]: Token verification failed
2025-04-19 12:47:53 [ERROR]: Token verification failed
2025-04-19 12:47:53 [ERROR]: Token verification failed
2025-04-19 12:47:53 [ERROR]: Token verification failed
2025-04-19 14:10:41 [ERROR]: Token verification failed
2025-04-19 16:47:55 [ERROR]: Token verification failed
2025-04-19 17:48:43 [ERROR]: Token verification failed
2025-04-19 20:56:55 [ERROR]: Token verification failed
2025-04-19 20:56:55 [ERROR]: Token verification failed
2025-04-19 20:56:55 [ERROR]: Token verification failed
2025-04-19 21:20:49 [ERROR]: Error adding questions to exam: Cannot read properties of undefined (reading 'toString')
TypeError: Cannot read properties of undefined (reading 'toString')
    at exports.addQuestionsToExam (C:\Users\nisha\Videos\OnlineAsessmentPlatform- BACKEND\controllers\questionController.js:210:22)
    at process.processTicksAndRejections (node:internal/process/task_queues:105:5)
2025-04-19 21:20:49 [ERROR]: POST /api/question/exam/67fb721480c2fee5754e8cf5 500 130ms
2025-04-19 21:20:52 [ERROR]: Error adding questions to exam: Cannot read properties of undefined (reading 'toString')
TypeError: Cannot read properties of undefined (reading 'toString')
    at exports.addQuestionsToExam (C:\Users\nisha\Videos\OnlineAsessmentPlatform- BACKEND\controllers\questionController.js:210:22)
    at process.processTicksAndRejections (node:internal/process/task_queues:105:5)
2025-04-19 21:20:52 [ERROR]: POST /api/question/exam/67fb721480c2fee5754e8cf5 500 47ms
2025-04-19 21:21:22 [ERROR]: Error adding questions to exam: Cannot read properties of undefined (reading 'toString')
TypeError: Cannot read properties of undefined (reading 'toString')
    at exports.addQuestionsToExam (C:\Users\nisha\Videos\OnlineAsessmentPlatform- BACKEND\controllers\questionController.js:210:22)
    at process.processTicksAndRejections (node:internal/process/task_queues:105:5)
2025-04-19 21:21:22 [ERROR]: POST /api/question/exam/67fb721480c2fee5754e8cf5 500 49ms
2025-04-19 21:23:04 [ERROR]: Error adding questions to exam: Cannot destructure property 'examId' of 'req.params.id' as it is undefined.
TypeError: Cannot destructure property 'examId' of 'req.params.id' as it is undefined.
    at exports.addQuestionsToExam (C:\Users\nisha\Videos\OnlineAsessmentPlatform- BACKEND\controllers\questionController.js:188:13)
    at Layer.handleRequest (C:\Users\nisha\Videos\OnlineAsessmentPlatform- BACKEND\node_modules\router\lib\layer.js:152:17)
    at next (C:\Users\nisha\Videos\OnlineAsessmentPlatform- BACKEND\node_modules\router\lib\route.js:157:13)
    at exports.isAdmin (C:\Users\nisha\Videos\OnlineAsessmentPlatform- BACKEND\middlewares\auth.js:74:5)
    at Layer.handleRequest (C:\Users\nisha\Videos\OnlineAsessmentPlatform- BACKEND\node_modules\router\lib\layer.js:152:17)
    at next (C:\Users\nisha\Videos\OnlineAsessmentPlatform- BACKEND\node_modules\router\lib\route.js:157:13)
    at exports.auth (C:\Users\nisha\Videos\OnlineAsessmentPlatform- BACKEND\middlewares\auth.js:52:5)
    at Layer.handleRequest (C:\Users\nisha\Videos\OnlineAsessmentPlatform- BACKEND\node_modules\router\lib\layer.js:152:17)
    at next (C:\Users\nisha\Videos\OnlineAsessmentPlatform- BACKEND\node_modules\router\lib\route.js:157:13)
    at Route.dispatch (C:\Users\nisha\Videos\OnlineAsessmentPlatform- BACKEND\node_modules\router\lib\route.js:117:3)
2025-04-19 21:23:04 [ERROR]: POST /api/question/exam/67fb721480c2fee5754e8cf5 500 12ms
2025-04-19 22:44:29 [ERROR]: Token verification failed
2025-04-19 23:49:13 [ERROR]: Token verification failed
2025-04-20 01:05:00 [ERROR]: Token verification failed
2025-04-20 10:22:39 [ERROR]: Token verification failed
2025-04-20 10:25:43 [ERROR]: Error adding questions to exam: Cannot destructure property 'examId' of 'req.params.id' as it is undefined.
TypeError: Cannot destructure property 'examId' of 'req.params.id' as it is undefined.
    at exports.addQuestionsToExam (C:\Users\nisha\Videos\OnlineAsessmentPlatform- BACKEND\controllers\questionController.js:188:13)
    at Layer.handleRequest (C:\Users\nisha\Videos\OnlineAsessmentPlatform- BACKEND\node_modules\router\lib\layer.js:152:17)
    at next (C:\Users\nisha\Videos\OnlineAsessmentPlatform- BACKEND\node_modules\router\lib\route.js:157:13)
    at exports.isAdmin (C:\Users\nisha\Videos\OnlineAsessmentPlatform- BACKEND\middlewares\auth.js:74:5)
    at Layer.handleRequest (C:\Users\nisha\Videos\OnlineAsessmentPlatform- BACKEND\node_modules\router\lib\layer.js:152:17)
    at next (C:\Users\nisha\Videos\OnlineAsessmentPlatform- BACKEND\node_modules\router\lib\route.js:157:13)
    at exports.auth (C:\Users\nisha\Videos\OnlineAsessmentPlatform- BACKEND\middlewares\auth.js:52:5)
    at Layer.handleRequest (C:\Users\nisha\Videos\OnlineAsessmentPlatform- BACKEND\node_modules\router\lib\layer.js:152:17)
    at next (C:\Users\nisha\Videos\OnlineAsessmentPlatform- BACKEND\node_modules\router\lib\route.js:157:13)
    at Route.dispatch (C:\Users\nisha\Videos\OnlineAsessmentPlatform- BACKEND\node_modules\router\lib\route.js:117:3)
2025-04-20 10:25:43 [ERROR]: POST /api/question/exam/6803f66980c2fee5754e8d26 500 74ms
2025-04-20 10:25:46 [ERROR]: Error adding questions to exam: Cannot destructure property 'examId' of 'req.params.id' as it is undefined.
TypeError: Cannot destructure property 'examId' of 'req.params.id' as it is undefined.
    at exports.addQuestionsToExam (C:\Users\nisha\Videos\OnlineAsessmentPlatform- BACKEND\controllers\questionController.js:188:13)
    at Layer.handleRequest (C:\Users\nisha\Videos\OnlineAsessmentPlatform- BACKEND\node_modules\router\lib\layer.js:152:17)
    at next (C:\Users\nisha\Videos\OnlineAsessmentPlatform- BACKEND\node_modules\router\lib\route.js:157:13)
    at exports.isAdmin (C:\Users\nisha\Videos\OnlineAsessmentPlatform- BACKEND\middlewares\auth.js:74:5)
    at Layer.handleRequest (C:\Users\nisha\Videos\OnlineAsessmentPlatform- BACKEND\node_modules\router\lib\layer.js:152:17)
    at next (C:\Users\nisha\Videos\OnlineAsessmentPlatform- BACKEND\node_modules\router\lib\route.js:157:13)
    at exports.auth (C:\Users\nisha\Videos\OnlineAsessmentPlatform- BACKEND\middlewares\auth.js:52:5)
    at Layer.handleRequest (C:\Users\nisha\Videos\OnlineAsessmentPlatform- BACKEND\node_modules\router\lib\layer.js:152:17)
    at next (C:\Users\nisha\Videos\OnlineAsessmentPlatform- BACKEND\node_modules\router\lib\route.js:157:13)
    at Route.dispatch (C:\Users\nisha\Videos\OnlineAsessmentPlatform- BACKEND\node_modules\router\lib\route.js:117:3)
2025-04-20 10:25:46 [ERROR]: POST /api/question/exam/6803f66980c2fee5754e8d26 500 5ms
2025-04-20 10:25:46 [ERROR]: Error adding questions to exam: Cannot destructure property 'examId' of 'req.params.id' as it is undefined.
TypeError: Cannot destructure property 'examId' of 'req.params.id' as it is undefined.
    at exports.addQuestionsToExam (C:\Users\nisha\Videos\OnlineAsessmentPlatform- BACKEND\controllers\questionController.js:188:13)
    at Layer.handleRequest (C:\Users\nisha\Videos\OnlineAsessmentPlatform- BACKEND\node_modules\router\lib\layer.js:152:17)
    at next (C:\Users\nisha\Videos\OnlineAsessmentPlatform- BACKEND\node_modules\router\lib\route.js:157:13)
    at exports.isAdmin (C:\Users\nisha\Videos\OnlineAsessmentPlatform- BACKEND\middlewares\auth.js:74:5)
    at Layer.handleRequest (C:\Users\nisha\Videos\OnlineAsessmentPlatform- BACKEND\node_modules\router\lib\layer.js:152:17)
    at next (C:\Users\nisha\Videos\OnlineAsessmentPlatform- BACKEND\node_modules\router\lib\route.js:157:13)
    at exports.auth (C:\Users\nisha\Videos\OnlineAsessmentPlatform- BACKEND\middlewares\auth.js:52:5)
    at Layer.handleRequest (C:\Users\nisha\Videos\OnlineAsessmentPlatform- BACKEND\node_modules\router\lib\layer.js:152:17)
    at next (C:\Users\nisha\Videos\OnlineAsessmentPlatform- BACKEND\node_modules\router\lib\route.js:157:13)
    at Route.dispatch (C:\Users\nisha\Videos\OnlineAsessmentPlatform- BACKEND\node_modules\router\lib\route.js:117:3)
2025-04-20 10:25:46 [ERROR]: POST /api/question/exam/6803f66980c2fee5754e8d26 500 3ms
2025-04-20 10:25:47 [ERROR]: Error adding questions to exam: Cannot destructure property 'examId' of 'req.params.id' as it is undefined.
TypeError: Cannot destructure property 'examId' of 'req.params.id' as it is undefined.
    at exports.addQuestionsToExam (C:\Users\nisha\Videos\OnlineAsessmentPlatform- BACKEND\controllers\questionController.js:188:13)
    at Layer.handleRequest (C:\Users\nisha\Videos\OnlineAsessmentPlatform- BACKEND\node_modules\router\lib\layer.js:152:17)
    at next (C:\Users\nisha\Videos\OnlineAsessmentPlatform- BACKEND\node_modules\router\lib\route.js:157:13)
    at exports.isAdmin (C:\Users\nisha\Videos\OnlineAsessmentPlatform- BACKEND\middlewares\auth.js:74:5)
    at Layer.handleRequest (C:\Users\nisha\Videos\OnlineAsessmentPlatform- BACKEND\node_modules\router\lib\layer.js:152:17)
    at next (C:\Users\nisha\Videos\OnlineAsessmentPlatform- BACKEND\node_modules\router\lib\route.js:157:13)
    at exports.auth (C:\Users\nisha\Videos\OnlineAsessmentPlatform- BACKEND\middlewares\auth.js:52:5)
    at Layer.handleRequest (C:\Users\nisha\Videos\OnlineAsessmentPlatform- BACKEND\node_modules\router\lib\layer.js:152:17)
    at next (C:\Users\nisha\Videos\OnlineAsessmentPlatform- BACKEND\node_modules\router\lib\route.js:157:13)
    at Route.dispatch (C:\Users\nisha\Videos\OnlineAsessmentPlatform- BACKEND\node_modules\router\lib\route.js:117:3)
2025-04-20 10:25:47 [ERROR]: POST /api/question/exam/6803f66980c2fee5754e8d26 500 4ms
2025-04-20 10:25:47 [ERROR]: Error adding questions to exam: Cannot destructure property 'examId' of 'req.params.id' as it is undefined.
TypeError: Cannot destructure property 'examId' of 'req.params.id' as it is undefined.
    at exports.addQuestionsToExam (C:\Users\nisha\Videos\OnlineAsessmentPlatform- BACKEND\controllers\questionController.js:188:13)
    at Layer.handleRequest (C:\Users\nisha\Videos\OnlineAsessmentPlatform- BACKEND\node_modules\router\lib\layer.js:152:17)
    at next (C:\Users\nisha\Videos\OnlineAsessmentPlatform- BACKEND\node_modules\router\lib\route.js:157:13)
    at exports.isAdmin (C:\Users\nisha\Videos\OnlineAsessmentPlatform- BACKEND\middlewares\auth.js:74:5)
    at Layer.handleRequest (C:\Users\nisha\Videos\OnlineAsessmentPlatform- BACKEND\node_modules\router\lib\layer.js:152:17)
    at next (C:\Users\nisha\Videos\OnlineAsessmentPlatform- BACKEND\node_modules\router\lib\route.js:157:13)
    at exports.auth (C:\Users\nisha\Videos\OnlineAsessmentPlatform- BACKEND\middlewares\auth.js:52:5)
    at Layer.handleRequest (C:\Users\nisha\Videos\OnlineAsessmentPlatform- BACKEND\node_modules\router\lib\layer.js:152:17)
    at next (C:\Users\nisha\Videos\OnlineAsessmentPlatform- BACKEND\node_modules\router\lib\route.js:157:13)
    at Route.dispatch (C:\Users\nisha\Videos\OnlineAsessmentPlatform- BACKEND\node_modules\router\lib\route.js:117:3)
2025-04-20 10:25:47 [ERROR]: POST /api/question/exam/6803f66980c2fee5754e8d26 500 4ms
2025-04-20 10:26:16 [ERROR]: Error adding questions to exam: Cannot destructure property 'examId' of 'req.params.id' as it is undefined.
TypeError: Cannot destructure property 'examId' of 'req.params.id' as it is undefined.
    at exports.addQuestionsToExam (C:\Users\nisha\Videos\OnlineAsessmentPlatform- BACKEND\controllers\questionController.js:188:13)
    at Layer.handleRequest (C:\Users\nisha\Videos\OnlineAsessmentPlatform- BACKEND\node_modules\router\lib\layer.js:152:17)
    at next (C:\Users\nisha\Videos\OnlineAsessmentPlatform- BACKEND\node_modules\router\lib\route.js:157:13)
    at exports.isAdmin (C:\Users\nisha\Videos\OnlineAsessmentPlatform- BACKEND\middlewares\auth.js:74:5)
    at Layer.handleRequest (C:\Users\nisha\Videos\OnlineAsessmentPlatform- BACKEND\node_modules\router\lib\layer.js:152:17)
    at next (C:\Users\nisha\Videos\OnlineAsessmentPlatform- BACKEND\node_modules\router\lib\route.js:157:13)
    at exports.auth (C:\Users\nisha\Videos\OnlineAsessmentPlatform- BACKEND\middlewares\auth.js:52:5)
    at Layer.handleRequest (C:\Users\nisha\Videos\OnlineAsessmentPlatform- BACKEND\node_modules\router\lib\layer.js:152:17)
    at next (C:\Users\nisha\Videos\OnlineAsessmentPlatform- BACKEND\node_modules\router\lib\route.js:157:13)
    at Route.dispatch (C:\Users\nisha\Videos\OnlineAsessmentPlatform- BACKEND\node_modules\router\lib\route.js:117:3)
2025-04-20 10:26:16 [ERROR]: POST /api/question/exam/6803f66980c2fee5754e8d26 500 3ms
2025-04-20 11:42:17 [ERROR]: Token verification failed
2025-04-20 12:52:06 [ERROR]: Token verification failed
2025-04-20 13:27:59 [ERROR]: Error in getExamAnalytics for admin 67fe7980adb46966fcd94f57: Cannot convert object to primitive value
TypeError: Cannot convert object to primitive value
    at exports.getExamAnalytics (C:\Users\nisha\Videos\OnlineAsessmentPlatform- BACKEND\controllers\examController.js:749:31)
    at Layer.handleRequest (C:\Users\nisha\Videos\OnlineAsessmentPlatform- BACKEND\node_modules\router\lib\layer.js:152:17)
    at next (C:\Users\nisha\Videos\OnlineAsessmentPlatform- BACKEND\node_modules\router\lib\route.js:157:13)
    at exports.isAdmin (C:\Users\nisha\Videos\OnlineAsessmentPlatform- BACKEND\middlewares\auth.js:74:5)
    at Layer.handleRequest (C:\Users\nisha\Videos\OnlineAsessmentPlatform- BACKEND\node_modules\router\lib\layer.js:152:17)
    at next (C:\Users\nisha\Videos\OnlineAsessmentPlatform- BACKEND\node_modules\router\lib\route.js:157:13)
    at exports.auth (C:\Users\nisha\Videos\OnlineAsessmentPlatform- BACKEND\middlewares\auth.js:52:5)
    at Layer.handleRequest (C:\Users\nisha\Videos\OnlineAsessmentPlatform- BACKEND\node_modules\router\lib\layer.js:152:17)
    at next (C:\Users\nisha\Videos\OnlineAsessmentPlatform- BACKEND\node_modules\router\lib\route.js:157:13)
    at Route.dispatch (C:\Users\nisha\Videos\OnlineAsessmentPlatform- BACKEND\node_modules\router\lib\route.js:117:3)
2025-04-20 13:27:59 [ERROR]: GET /api/exam/analytics/67fe8aa980316bcd278074a1 500 6ms
2025-04-20 13:28:04 [ERROR]: Error in getExamAnalytics for admin 67fe7980adb46966fcd94f57: Cannot convert object to primitive value
TypeError: Cannot convert object to primitive value
    at exports.getExamAnalytics (C:\Users\nisha\Videos\OnlineAsessmentPlatform- BACKEND\controllers\examController.js:749:31)
    at Layer.handleRequest (C:\Users\nisha\Videos\OnlineAsessmentPlatform- BACKEND\node_modules\router\lib\layer.js:152:17)
    at next (C:\Users\nisha\Videos\OnlineAsessmentPlatform- BACKEND\node_modules\router\lib\route.js:157:13)
    at exports.isAdmin (C:\Users\nisha\Videos\OnlineAsessmentPlatform- BACKEND\middlewares\auth.js:74:5)
    at Layer.handleRequest (C:\Users\nisha\Videos\OnlineAsessmentPlatform- BACKEND\node_modules\router\lib\layer.js:152:17)
    at next (C:\Users\nisha\Videos\OnlineAsessmentPlatform- BACKEND\node_modules\router\lib\route.js:157:13)
    at exports.auth (C:\Users\nisha\Videos\OnlineAsessmentPlatform- BACKEND\middlewares\auth.js:52:5)
    at Layer.handleRequest (C:\Users\nisha\Videos\OnlineAsessmentPlatform- BACKEND\node_modules\router\lib\layer.js:152:17)
    at next (C:\Users\nisha\Videos\OnlineAsessmentPlatform- BACKEND\node_modules\router\lib\route.js:157:13)
    at Route.dispatch (C:\Users\nisha\Videos\OnlineAsessmentPlatform- BACKEND\node_modules\router\lib\route.js:117:3)
2025-04-20 13:28:04 [ERROR]: GET /api/exam/analytics/6803f66980c2fee5754e8d26 500 3ms
2025-04-20 13:28:08 [ERROR]: Error in getExamAnalytics for admin 67fe7980adb46966fcd94f57: Cannot convert object to primitive value
TypeError: Cannot convert object to primitive value
    at exports.getExamAnalytics (C:\Users\nisha\Videos\OnlineAsessmentPlatform- BACKEND\controllers\examController.js:749:31)
    at Layer.handleRequest (C:\Users\nisha\Videos\OnlineAsessmentPlatform- BACKEND\node_modules\router\lib\layer.js:152:17)
    at next (C:\Users\nisha\Videos\OnlineAsessmentPlatform- BACKEND\node_modules\router\lib\route.js:157:13)
    at exports.isAdmin (C:\Users\nisha\Videos\OnlineAsessmentPlatform- BACKEND\middlewares\auth.js:74:5)
    at Layer.handleRequest (C:\Users\nisha\Videos\OnlineAsessmentPlatform- BACKEND\node_modules\router\lib\layer.js:152:17)
    at next (C:\Users\nisha\Videos\OnlineAsessmentPlatform- BACKEND\node_modules\router\lib\route.js:157:13)
    at exports.auth (C:\Users\nisha\Videos\OnlineAsessmentPlatform- BACKEND\middlewares\auth.js:52:5)
    at Layer.handleRequest (C:\Users\nisha\Videos\OnlineAsessmentPlatform- BACKEND\node_modules\router\lib\layer.js:152:17)
    at next (C:\Users\nisha\Videos\OnlineAsessmentPlatform- BACKEND\node_modules\router\lib\route.js:157:13)
    at Route.dispatch (C:\Users\nisha\Videos\OnlineAsessmentPlatform- BACKEND\node_modules\router\lib\route.js:117:3)
2025-04-20 13:28:08 [ERROR]: GET /api/exam/analytics/67ff4ce4a6697856e21455a2 500 3ms
2025-04-20 17:12:07 [ERROR]: Token verification failed
2025-04-20 17:23:27 [ERROR]: Error in getExamAnalytics for admin 67fe7980adb46966fcd94f57: Cannot convert object to primitive value
TypeError: Cannot convert object to primitive value
    at exports.getExamAnalytics (C:\Users\nisha\Videos\OnlineAsessmentPlatform- BACKEND\controllers\examController.js:749:31)
    at Layer.handleRequest (C:\Users\nisha\Videos\OnlineAsessmentPlatform- BACKEND\node_modules\router\lib\layer.js:152:17)
    at next (C:\Users\nisha\Videos\OnlineAsessmentPlatform- BACKEND\node_modules\router\lib\route.js:157:13)
    at exports.isAdmin (C:\Users\nisha\Videos\OnlineAsessmentPlatform- BACKEND\middlewares\auth.js:74:5)
    at Layer.handleRequest (C:\Users\nisha\Videos\OnlineAsessmentPlatform- BACKEND\node_modules\router\lib\layer.js:152:17)
    at next (C:\Users\nisha\Videos\OnlineAsessmentPlatform- BACKEND\node_modules\router\lib\route.js:157:13)
    at exports.auth (C:\Users\nisha\Videos\OnlineAsessmentPlatform- BACKEND\middlewares\auth.js:52:5)
    at Layer.handleRequest (C:\Users\nisha\Videos\OnlineAsessmentPlatform- BACKEND\node_modules\router\lib\layer.js:152:17)
    at next (C:\Users\nisha\Videos\OnlineAsessmentPlatform- BACKEND\node_modules\router\lib\route.js:157:13)
    at Route.dispatch (C:\Users\nisha\Videos\OnlineAsessmentPlatform- BACKEND\node_modules\router\lib\route.js:117:3)
2025-04-20 17:23:27 [ERROR]: GET /api/exam/analytics/67fe8aa980316bcd278074a1 500 5ms
2025-04-20 17:24:58 [ERROR]: Error in getExamAnalytics for admin 67fe7980adb46966fcd94f57: Cannot convert object to primitive value
TypeError: Cannot convert object to primitive value
    at exports.getExamAnalytics (C:\Users\nisha\Videos\OnlineAsessmentPlatform- BACKEND\controllers\examController.js:749:31)
    at Layer.handleRequest (C:\Users\nisha\Videos\OnlineAsessmentPlatform- BACKEND\node_modules\router\lib\layer.js:152:17)
    at next (C:\Users\nisha\Videos\OnlineAsessmentPlatform- BACKEND\node_modules\router\lib\route.js:157:13)
    at exports.isAdmin (C:\Users\nisha\Videos\OnlineAsessmentPlatform- BACKEND\middlewares\auth.js:74:5)
    at Layer.handleRequest (C:\Users\nisha\Videos\OnlineAsessmentPlatform- BACKEND\node_modules\router\lib\layer.js:152:17)
    at next (C:\Users\nisha\Videos\OnlineAsessmentPlatform- BACKEND\node_modules\router\lib\route.js:157:13)
    at exports.auth (C:\Users\nisha\Videos\OnlineAsessmentPlatform- BACKEND\middlewares\auth.js:52:5)
    at Layer.handleRequest (C:\Users\nisha\Videos\OnlineAsessmentPlatform- BACKEND\node_modules\router\lib\layer.js:152:17)
    at next (C:\Users\nisha\Videos\OnlineAsessmentPlatform- BACKEND\node_modules\router\lib\route.js:157:13)
    at Route.dispatch (C:\Users\nisha\Videos\OnlineAsessmentPlatform- BACKEND\node_modules\router\lib\route.js:117:3)
2025-04-20 17:24:58 [ERROR]: GET /api/exam/analytics/6803f66980c2fee5754e8d26 500 14ms
2025-04-20 19:52:26 [ERROR]: Token verification failed
2025-04-21 09:39:20 [ERROR]: Token verification failed
2025-04-21 10:13:51 [ERROR]: Error in getExamAnalytics for admin 67fb92fbd0310adfe84ca4b6: Cannot convert object to primitive value
TypeError: Cannot convert object to primitive value
    at exports.getExamAnalytics (C:\Users\nisha\Videos\OnlineAsessmentPlatform- BACKEND\controllers\examController.js:801:31)
    at Layer.handleRequest (C:\Users\nisha\Videos\OnlineAsessmentPlatform- BACKEND\node_modules\router\lib\layer.js:152:17)
    at next (C:\Users\nisha\Videos\OnlineAsessmentPlatform- BACKEND\node_modules\router\lib\route.js:157:13)
    at exports.isAdmin (C:\Users\nisha\Videos\OnlineAsessmentPlatform- BACKEND\middlewares\auth.js:74:5)
    at Layer.handleRequest (C:\Users\nisha\Videos\OnlineAsessmentPlatform- BACKEND\node_modules\router\lib\layer.js:152:17)
    at next (C:\Users\nisha\Videos\OnlineAsessmentPlatform- BACKEND\node_modules\router\lib\route.js:157:13)
    at exports.auth (C:\Users\nisha\Videos\OnlineAsessmentPlatform- BACKEND\middlewares\auth.js:52:5)
    at Layer.handleRequest (C:\Users\nisha\Videos\OnlineAsessmentPlatform- BACKEND\node_modules\router\lib\layer.js:152:17)
    at next (C:\Users\nisha\Videos\OnlineAsessmentPlatform- BACKEND\node_modules\router\lib\route.js:157:13)
    at Route.dispatch (C:\Users\nisha\Videos\OnlineAsessmentPlatform- BACKEND\node_modules\router\lib\route.js:117:3)
2025-04-21 10:13:51 [ERROR]: GET /api/exam/admin/analytics 500 8ms
2025-04-21 10:15:20 [ERROR]: Failed to enroll in exam: Cannot convert object to primitive value
TypeError: Cannot convert object to primitive value
    at exports.enrollInExam (C:\Users\nisha\Videos\OnlineAsessmentPlatform- BACKEND\controllers\examController.js:485:65)
    at Layer.handleRequest (C:\Users\nisha\Videos\OnlineAsessmentPlatform- BACKEND\node_modules\router\lib\layer.js:152:17)
    at next (C:\Users\nisha\Videos\OnlineAsessmentPlatform- BACKEND\node_modules\router\lib\route.js:157:13)
    at exports.auth (C:\Users\nisha\Videos\OnlineAsessmentPlatform- BACKEND\middlewares\auth.js:52:5)
    at Layer.handleRequest (C:\Users\nisha\Videos\OnlineAsessmentPlatform- BACKEND\node_modules\router\lib\layer.js:152:17)
    at next (C:\Users\nisha\Videos\OnlineAsessmentPlatform- BACKEND\node_modules\router\lib\route.js:157:13)
    at Route.dispatch (C:\Users\nisha\Videos\OnlineAsessmentPlatform- BACKEND\node_modules\router\lib\route.js:117:3)
    at handle (C:\Users\nisha\Videos\OnlineAsessmentPlatform- BACKEND\node_modules\router\index.js:435:11)
    at Layer.handleRequest (C:\Users\nisha\Videos\OnlineAsessmentPlatform- BACKEND\node_modules\router\lib\layer.js:152:17)
    at C:\Users\nisha\Videos\OnlineAsessmentPlatform- BACKEND\node_modules\router\index.js:295:15
2025-04-21 10:15:20 [ERROR]: POST /api/exam/enroll/67fe8c1f80316bcd278074a3 500 5ms
2025-04-21 10:15:49 [ERROR]: Failed to enroll in exam: Cannot convert object to primitive value
TypeError: Cannot convert object to primitive value
    at exports.enrollInExam (C:\Users\nisha\Videos\OnlineAsessmentPlatform- BACKEND\controllers\examController.js:485:65)
    at Layer.handleRequest (C:\Users\nisha\Videos\OnlineAsessmentPlatform- BACKEND\node_modules\router\lib\layer.js:152:17)
    at next (C:\Users\nisha\Videos\OnlineAsessmentPlatform- BACKEND\node_modules\router\lib\route.js:157:13)
    at exports.auth (C:\Users\nisha\Videos\OnlineAsessmentPlatform- BACKEND\middlewares\auth.js:52:5)
    at Layer.handleRequest (C:\Users\nisha\Videos\OnlineAsessmentPlatform- BACKEND\node_modules\router\lib\layer.js:152:17)
    at next (C:\Users\nisha\Videos\OnlineAsessmentPlatform- BACKEND\node_modules\router\lib\route.js:157:13)
    at Route.dispatch (C:\Users\nisha\Videos\OnlineAsessmentPlatform- BACKEND\node_modules\router\lib\route.js:117:3)
    at handle (C:\Users\nisha\Videos\OnlineAsessmentPlatform- BACKEND\node_modules\router\index.js:435:11)
    at Layer.handleRequest (C:\Users\nisha\Videos\OnlineAsessmentPlatform- BACKEND\node_modules\router\lib\layer.js:152:17)
    at C:\Users\nisha\Videos\OnlineAsessmentPlatform- BACKEND\node_modules\router\index.js:295:15
2025-04-21 10:15:49 [ERROR]: POST /api/exam/enroll/67fe8c1f80316bcd278074a3 500 5ms
2025-04-21 10:18:48 [ERROR]: Failed to enroll in exam: Cannot convert object to primitive value
TypeError: Cannot convert object to primitive value
    at exports.enrollInExam (C:\Users\nisha\Videos\OnlineAsessmentPlatform- BACKEND\controllers\examController.js:485:65)
    at Layer.handleRequest (C:\Users\nisha\Videos\OnlineAsessmentPlatform- BACKEND\node_modules\router\lib\layer.js:152:17)
    at next (C:\Users\nisha\Videos\OnlineAsessmentPlatform- BACKEND\node_modules\router\lib\route.js:157:13)
    at exports.auth (C:\Users\nisha\Videos\OnlineAsessmentPlatform- BACKEND\middlewares\auth.js:52:5)
    at Layer.handleRequest (C:\Users\nisha\Videos\OnlineAsessmentPlatform- BACKEND\node_modules\router\lib\layer.js:152:17)
    at next (C:\Users\nisha\Videos\OnlineAsessmentPlatform- BACKEND\node_modules\router\lib\route.js:157:13)
    at Route.dispatch (C:\Users\nisha\Videos\OnlineAsessmentPlatform- BACKEND\node_modules\router\lib\route.js:117:3)
    at handle (C:\Users\nisha\Videos\OnlineAsessmentPlatform- BACKEND\node_modules\router\index.js:435:11)
    at Layer.handleRequest (C:\Users\nisha\Videos\OnlineAsessmentPlatform- BACKEND\node_modules\router\lib\layer.js:152:17)
    at C:\Users\nisha\Videos\OnlineAsessmentPlatform- BACKEND\node_modules\router\index.js:295:15
2025-04-21 10:18:48 [ERROR]: POST /api/exam/enroll/6802990f55b3ea0e6101da23 500 41ms
2025-04-21 11:14:49 [ERROR]: Token verification failed
2025-04-21 11:36:08 [ERROR]: Error in createResult: String(...).trim(...).toLowerCase(...).equals is not a function
TypeError: String(...).trim(...).toLowerCase(...).equals is not a function
    at exports.submitExam (C:\Users\nisha\Videos\OnlineAsessmentPlatform- BACKEND\controllers\resultController.js:62:12)
    at process.processTicksAndRejections (node:internal/process/task_queues:105:5)
2025-04-21 11:36:08 [ERROR]: POST /api/result 500 79ms
2025-04-21 11:36:37 [ERROR]: Error in createResult: String(...).trim(...).toLowerCase(...).equals is not a function
TypeError: String(...).trim(...).toLowerCase(...).equals is not a function
    at exports.submitExam (C:\Users\nisha\Videos\OnlineAsessmentPlatform- BACKEND\controllers\resultController.js:62:12)
    at process.processTicksAndRejections (node:internal/process/task_queues:105:5)
2025-04-21 11:36:37 [ERROR]: POST /api/result 500 79ms
2025-04-21 11:36:59 [ERROR]: Error in createResult: String(...).trim(...).toLowerCase(...).equals is not a function
TypeError: String(...).trim(...).toLowerCase(...).equals is not a function
    at exports.submitExam (C:\Users\nisha\Videos\OnlineAsessmentPlatform- BACKEND\controllers\resultController.js:62:12)
    at process.processTicksAndRejections (node:internal/process/task_queues:105:5)
2025-04-21 11:36:59 [ERROR]: POST /api/result 500 77ms
2025-04-21 11:37:04 [ERROR]: Error in createResult: String(...).trim(...).toLowerCase(...).equals is not a function
TypeError: String(...).trim(...).toLowerCase(...).equals is not a function
    at exports.submitExam (C:\Users\nisha\Videos\OnlineAsessmentPlatform- BACKEND\controllers\resultController.js:62:12)
    at process.processTicksAndRejections (node:internal/process/task_queues:105:5)
2025-04-21 11:37:04 [ERROR]: POST /api/result 500 82ms
2025-04-21 11:51:57 [ERROR]: Error in getExamAnalytics for admin 67fb92fbd0310adfe84ca4b6: Cannot convert object to primitive value
TypeError: Cannot convert object to primitive value
    at exports.getExamAnalytics (C:\Users\nisha\Videos\OnlineAsessmentPlatform- BACKEND\controllers\examController.js:807:31)
    at Layer.handleRequest (C:\Users\nisha\Videos\OnlineAsessmentPlatform- BACKEND\node_modules\router\lib\layer.js:152:17)
    at next (C:\Users\nisha\Videos\OnlineAsessmentPlatform- BACKEND\node_modules\router\lib\route.js:157:13)
    at exports.isAdmin (C:\Users\nisha\Videos\OnlineAsessmentPlatform- BACKEND\middlewares\auth.js:74:5)
    at Layer.handleRequest (C:\Users\nisha\Videos\OnlineAsessmentPlatform- BACKEND\node_modules\router\lib\layer.js:152:17)
    at next (C:\Users\nisha\Videos\OnlineAsessmentPlatform- BACKEND\node_modules\router\lib\route.js:157:13)
    at exports.auth (C:\Users\nisha\Videos\OnlineAsessmentPlatform- BACKEND\middlewares\auth.js:52:5)
    at Layer.handleRequest (C:\Users\nisha\Videos\OnlineAsessmentPlatform- BACKEND\node_modules\router\lib\layer.js:152:17)
    at next (C:\Users\nisha\Videos\OnlineAsessmentPlatform- BACKEND\node_modules\router\lib\route.js:157:13)
    at Route.dispatch (C:\Users\nisha\Videos\OnlineAsessmentPlatform- BACKEND\node_modules\router\lib\route.js:117:3)
2025-04-21 11:51:57 [ERROR]: GET /api/exam/admin/analytics 500 8ms
2025-04-21 12:43:22 [ERROR]: Token verification failed
2025-04-21 12:47:51 [ERROR]: Error in getExamAnalytics for admin 67fb92fbd0310adfe84ca4b6: Cannot convert object to primitive value
TypeError: Cannot convert object to primitive value
    at exports.getExamAnalytics (C:\Users\nisha\Videos\OnlineAsessmentPlatform- BACKEND\controllers\examController.js:807:31)
    at Layer.handleRequest (C:\Users\nisha\Videos\OnlineAsessmentPlatform- BACKEND\node_modules\router\lib\layer.js:152:17)
    at next (C:\Users\nisha\Videos\OnlineAsessmentPlatform- BACKEND\node_modules\router\lib\route.js:157:13)
    at exports.isAdmin (C:\Users\nisha\Videos\OnlineAsessmentPlatform- BACKEND\middlewares\auth.js:74:5)
    at Layer.handleRequest (C:\Users\nisha\Videos\OnlineAsessmentPlatform- BACKEND\node_modules\router\lib\layer.js:152:17)
    at next (C:\Users\nisha\Videos\OnlineAsessmentPlatform- BACKEND\node_modules\router\lib\route.js:157:13)
    at exports.auth (C:\Users\nisha\Videos\OnlineAsessmentPlatform- BACKEND\middlewares\auth.js:52:5)
    at Layer.handleRequest (C:\Users\nisha\Videos\OnlineAsessmentPlatform- BACKEND\node_modules\router\lib\layer.js:152:17)
    at next (C:\Users\nisha\Videos\OnlineAsessmentPlatform- BACKEND\node_modules\router\lib\route.js:157:13)
    at Route.dispatch (C:\Users\nisha\Videos\OnlineAsessmentPlatform- BACKEND\node_modules\router\lib\route.js:117:3)
2025-04-21 12:47:51 [ERROR]: GET /api/exam/admin/analytics 500 6ms
2025-04-21 12:48:07 [ERROR]: Error in getExamAnalytics for admin 67fb92fbd0310adfe84ca4b6: Cannot convert object to primitive value
TypeError: Cannot convert object to primitive value
    at exports.getExamAnalytics (C:\Users\nisha\Videos\OnlineAsessmentPlatform- BACKEND\controllers\examController.js:807:31)
    at Layer.handleRequest (C:\Users\nisha\Videos\OnlineAsessmentPlatform- BACKEND\node_modules\router\lib\layer.js:152:17)
    at next (C:\Users\nisha\Videos\OnlineAsessmentPlatform- BACKEND\node_modules\router\lib\route.js:157:13)
    at exports.isAdmin (C:\Users\nisha\Videos\OnlineAsessmentPlatform- BACKEND\middlewares\auth.js:74:5)
    at Layer.handleRequest (C:\Users\nisha\Videos\OnlineAsessmentPlatform- BACKEND\node_modules\router\lib\layer.js:152:17)
    at next (C:\Users\nisha\Videos\OnlineAsessmentPlatform- BACKEND\node_modules\router\lib\route.js:157:13)
    at exports.auth (C:\Users\nisha\Videos\OnlineAsessmentPlatform- BACKEND\middlewares\auth.js:52:5)
    at Layer.handleRequest (C:\Users\nisha\Videos\OnlineAsessmentPlatform- BACKEND\node_modules\router\lib\layer.js:152:17)
    at next (C:\Users\nisha\Videos\OnlineAsessmentPlatform- BACKEND\node_modules\router\lib\route.js:157:13)
    at Route.dispatch (C:\Users\nisha\Videos\OnlineAsessmentPlatform- BACKEND\node_modules\router\lib\route.js:117:3)
2025-04-21 12:48:07 [ERROR]: GET /api/exam/admin/analytics 500 3ms
2025-04-21 13:07:41 [ERROR]: GET /api/exam/admin/analytics/6805c9ca5dde1fc0345eaa49 500 5ms
2025-04-21 13:10:23 [ERROR]: Error in getExamAnalytics for admin 67fb92fbd0310adfe84ca4b6: mongoose is not defined
ReferenceError: mongoose is not defined
    at exports.getExamAnalytics (C:\Users\nisha\Videos\OnlineAsessmentPlatform- BACKEND\controllers\examController.js:806:20)
    at Layer.handleRequest (C:\Users\nisha\Videos\OnlineAsessmentPlatform- BACKEND\node_modules\router\lib\layer.js:152:17)
    at next (C:\Users\nisha\Videos\OnlineAsessmentPlatform- BACKEND\node_modules\router\lib\route.js:157:13)
    at exports.isAdmin (C:\Users\nisha\Videos\OnlineAsessmentPlatform- BACKEND\middlewares\auth.js:74:5)
    at Layer.handleRequest (C:\Users\nisha\Videos\OnlineAsessmentPlatform- BACKEND\node_modules\router\lib\layer.js:152:17)
    at next (C:\Users\nisha\Videos\OnlineAsessmentPlatform- BACKEND\node_modules\router\lib\route.js:157:13)
    at exports.auth (C:\Users\nisha\Videos\OnlineAsessmentPlatform- BACKEND\middlewares\auth.js:52:5)
    at Layer.handleRequest (C:\Users\nisha\Videos\OnlineAsessmentPlatform- BACKEND\node_modules\router\lib\layer.js:152:17)
    at next (C:\Users\nisha\Videos\OnlineAsessmentPlatform- BACKEND\node_modules\router\lib\route.js:157:13)
    at Route.dispatch (C:\Users\nisha\Videos\OnlineAsessmentPlatform- BACKEND\node_modules\router\lib\route.js:117:3)
2025-04-21 13:10:23 [ERROR]: GET /api/exam/admin/analytics/6805c9ca5dde1fc0345eaa49 500 5ms
2025-04-21 13:15:57 [ERROR]: Error in getExamAnalytics for admin 67fb92fbd0310adfe84ca4b6: mongoose is not defined
ReferenceError: mongoose is not defined
    at exports.getExamAnalytics (C:\Users\nisha\Videos\OnlineAsessmentPlatform- BACKEND\controllers\examController.js:806:20)
    at Layer.handleRequest (C:\Users\nisha\Videos\OnlineAsessmentPlatform- BACKEND\node_modules\router\lib\layer.js:152:17)
    at next (C:\Users\nisha\Videos\OnlineAsessmentPlatform- BACKEND\node_modules\router\lib\route.js:157:13)
    at exports.isAdmin (C:\Users\nisha\Videos\OnlineAsessmentPlatform- BACKEND\middlewares\auth.js:74:5)
    at Layer.handleRequest (C:\Users\nisha\Videos\OnlineAsessmentPlatform- BACKEND\node_modules\router\lib\layer.js:152:17)
    at next (C:\Users\nisha\Videos\OnlineAsessmentPlatform- BACKEND\node_modules\router\lib\route.js:157:13)
    at exports.auth (C:\Users\nisha\Videos\OnlineAsessmentPlatform- BACKEND\middlewares\auth.js:52:5)
    at Layer.handleRequest (C:\Users\nisha\Videos\OnlineAsessmentPlatform- BACKEND\node_modules\router\lib\layer.js:152:17)
    at next (C:\Users\nisha\Videos\OnlineAsessmentPlatform- BACKEND\node_modules\router\lib\route.js:157:13)
    at Route.dispatch (C:\Users\nisha\Videos\OnlineAsessmentPlatform- BACKEND\node_modules\router\lib\route.js:117:3)
2025-04-21 13:15:57 [ERROR]: GET /api/exam/admin/analytics/6805c9ca5dde1fc0345eaa49 500 12ms
2025-04-21 13:48:06 [ERROR]: GET /api/result/exam/67ff4ce4a6697856e21455a2 500 68ms
2025-04-21 13:48:06 [ERROR]: GET /api/exam/admin/analytics/67ff4ce4a6697856e21455a2 500 5ms
2025-04-21 13:48:15 [ERROR]: GET /api/result/exam/67fe8aa980316bcd278074a1 500 6ms
2025-04-21 13:48:15 [ERROR]: GET /api/exam/admin/analytics/67fe8aa980316bcd278074a1 500 6ms
2025-04-21 13:48:17 [ERROR]: GET /api/result/exam/67fe8c1f80316bcd278074a3 500 5ms
2025-04-21 13:48:17 [ERROR]: GET /api/exam/admin/analytics/67fe8c1f80316bcd278074a3 500 4ms
2025-04-21 13:48:56 [ERROR]: POST /api/exam/admin/exams 500 13ms
2025-04-21 20:02:01 [ERROR]: Token verification failed
2025-04-21 21:42:10 [ERROR]: Token verification failed
2025-04-21 23:07:58 [ERROR]: Token verification failed
2025-04-21 23:07:58 [ERROR]: Token verification failed
2025-04-21 23:07:58 [ERROR]: Token verification failed
2025-04-21 23:21:49 [ERROR]: Failed to start exam: Cannot read properties of undefined (reading 'toString')
TypeError: Cannot read properties of undefined (reading 'toString')
    at C:\Users\nisha\Videos\OnlineAsessmentPlatform- BACKEND\controllers\examController.js:754:45
    at Proxy.some (<anonymous>)
    at exports.startExam (C:\Users\nisha\Videos\OnlineAsessmentPlatform- BACKEND\controllers\examController.js:753:50)
    at process.processTicksAndRejections (node:internal/process/task_queues:105:5)
2025-04-21 23:21:49 [ERROR]: GET /api/exam/start/6805c9ca5dde1fc0345eaa49 500 222ms
2025-04-21 23:21:56 [ERROR]: Failed to start exam: Cannot read properties of undefined (reading 'toString')
TypeError: Cannot read properties of undefined (reading 'toString')
    at C:\Users\nisha\Videos\OnlineAsessmentPlatform- BACKEND\controllers\examController.js:754:45
    at Proxy.some (<anonymous>)
    at exports.startExam (C:\Users\nisha\Videos\OnlineAsessmentPlatform- BACKEND\controllers\examController.js:753:50)
    at process.processTicksAndRejections (node:internal/process/task_queues:105:5)
2025-04-21 23:21:56 [ERROR]: GET /api/exam/start/6805c9ca5dde1fc0345eaa49 500 120ms
2025-04-21 23:22:08 [ERROR]: Failed to start exam: Cannot read properties of undefined (reading 'toString')
TypeError: Cannot read properties of undefined (reading 'toString')
    at C:\Users\nisha\Videos\OnlineAsessmentPlatform- BACKEND\controllers\examController.js:754:45
    at Proxy.some (<anonymous>)
    at exports.startExam (C:\Users\nisha\Videos\OnlineAsessmentPlatform- BACKEND\controllers\examController.js:753:50)
    at process.processTicksAndRejections (node:internal/process/task_queues:105:5)
2025-04-21 23:22:08 [ERROR]: GET /api/exam/start/6805c9ca5dde1fc0345eaa49 500 121ms
2025-04-21 23:24:26 [ERROR]: Failed to start exam: Cannot read properties of undefined (reading 'toString')
TypeError: Cannot read properties of undefined (reading 'toString')
    at C:\Users\nisha\Videos\OnlineAsessmentPlatform- BACKEND\controllers\examController.js:754:45
    at Proxy.some (<anonymous>)
    at exports.startExam (C:\Users\nisha\Videos\OnlineAsessmentPlatform- BACKEND\controllers\examController.js:753:50)
    at process.processTicksAndRejections (node:internal/process/task_queues:105:5)
2025-04-21 23:24:26 [ERROR]: GET /api/exam/start/6805c9ca5dde1fc0345eaa49 500 139ms
2025-04-21 23:26:51 [ERROR]: Failed to start exam: Cannot read properties of undefined (reading 'toString')
TypeError: Cannot read properties of undefined (reading 'toString')
    at C:\Users\nisha\Videos\OnlineAsessmentPlatform- BACKEND\controllers\examController.js:754:45
    at Proxy.some (<anonymous>)
    at exports.startExam (C:\Users\nisha\Videos\OnlineAsessmentPlatform- BACKEND\controllers\examController.js:753:50)
    at process.processTicksAndRejections (node:internal/process/task_queues:105:5)
2025-04-21 23:26:51 [ERROR]: GET /api/exam/start/6805c9ca5dde1fc0345eaa49 500 216ms
2025-04-21 23:32:09 [ERROR]: Failed to start exam: Cannot read properties of undefined (reading 'toString')
TypeError: Cannot read properties of undefined (reading 'toString')
    at C:\Users\nisha\Videos\OnlineAsessmentPlatform- BACKEND\controllers\examController.js:754:45
    at Proxy.some (<anonymous>)
    at exports.startExam (C:\Users\nisha\Videos\OnlineAsessmentPlatform- BACKEND\controllers\examController.js:753:50)
    at process.processTicksAndRejections (node:internal/process/task_queues:105:5)
2025-04-21 23:32:09 [ERROR]: GET /api/exam/start/6805c9ca5dde1fc0345eaa49 500 127ms
2025-04-21 23:35:56 [ERROR]: Failed to start exam: Cannot read properties of undefined (reading 'toString')
TypeError: Cannot read properties of undefined (reading 'toString')
    at C:\Users\nisha\Videos\OnlineAsessmentPlatform- BACKEND\controllers\examController.js:754:45
    at Proxy.some (<anonymous>)
    at exports.startExam (C:\Users\nisha\Videos\OnlineAsessmentPlatform- BACKEND\controllers\examController.js:753:50)
    at process.processTicksAndRejections (node:internal/process/task_queues:105:5)
2025-04-21 23:35:56 [ERROR]: GET /api/exam/start/6805c9ca5dde1fc0345eaa49 500 156ms
2025-04-21 23:46:55 [ERROR]: Failed to start exam: Cannot read properties of undefined (reading 'toString')
TypeError: Cannot read properties of undefined (reading 'toString')
    at C:\Users\nisha\Videos\OnlineAsessmentPlatform- BACKEND\controllers\examController.js:754:45
    at Proxy.some (<anonymous>)
    at exports.startExam (C:\Users\nisha\Videos\OnlineAsessmentPlatform- BACKEND\controllers\examController.js:753:50)
    at process.processTicksAndRejections (node:internal/process/task_queues:105:5)
2025-04-21 23:46:55 [ERROR]: GET /api/exam/start/67fe8aa980316bcd278074a1 500 131ms
2025-04-22 00:08:40 [ERROR]: Token verification failed
2025-04-22 00:27:57 [ERROR]: Failed to start exam: Cannot read properties of undefined (reading 'toString')
TypeError: Cannot read properties of undefined (reading 'toString')
    at C:\Users\nisha\Videos\OnlineAsessmentPlatform- BACKEND\controllers\examController.js:763:45
    at Proxy.some (<anonymous>)
    at exports.startExam (C:\Users\nisha\Videos\OnlineAsessmentPlatform- BACKEND\controllers\examController.js:762:50)
    at process.processTicksAndRejections (node:internal/process/task_queues:105:5)
2025-04-22 00:27:57 [ERROR]: GET /api/exam/start/6802990f55b3ea0e6101da23 500 144ms
2025-04-22 00:28:36 [ERROR]: Failed to start exam: Cannot read properties of undefined (reading 'toString')
TypeError: Cannot read properties of undefined (reading 'toString')
    at C:\Users\nisha\Videos\OnlineAsessmentPlatform- BACKEND\controllers\examController.js:763:45
    at Proxy.some (<anonymous>)
    at exports.startExam (C:\Users\nisha\Videos\OnlineAsessmentPlatform- BACKEND\controllers\examController.js:762:50)
    at process.processTicksAndRejections (node:internal/process/task_queues:105:5)
2025-04-22 00:28:36 [ERROR]: GET /api/exam/start/67fe8aa980316bcd278074a1 500 129ms
2025-04-22 00:31:07 [ERROR]: Failed to start exam: Cannot read properties of undefined (reading 'toString')
TypeError: Cannot read properties of undefined (reading 'toString')
    at C:\Users\nisha\Videos\OnlineAsessmentPlatform- BACKEND\controllers\examController.js:763:45
    at Proxy.some (<anonymous>)
    at exports.startExam (C:\Users\nisha\Videos\OnlineAsessmentPlatform- BACKEND\controllers\examController.js:762:50)
    at process.processTicksAndRejections (node:internal/process/task_queues:105:5)
2025-04-22 00:31:07 [ERROR]: GET /api/exam/start/67fe8aa980316bcd278074a1 500 151ms
2025-04-22 09:02:20 [ERROR]: Token verification failed
2025-04-22 09:32:52 [ERROR]: Token verification failed
2025-04-22 10:07:35 [ERROR]: Unhandled error: Expected double-quoted property name in JSON at position 918 (line 31 column 1)
SyntaxError: Expected double-quoted property name in JSON at position 918 (line 31 column 1)
    at JSON.parse (<anonymous>)
    at parse (C:\Users\nisha\Videos\OnlineAsessmentPlatform- BACKEND\node_modules\body-parser\lib\types\json.js:77:19)
    at C:\Users\nisha\Videos\OnlineAsessmentPlatform- BACKEND\node_modules\body-parser\lib\read.js:123:18
    at AsyncResource.runInAsyncScope (node:async_hooks:211:14)
    at invokeCallback (C:\Users\nisha\Videos\OnlineAsessmentPlatform- BACKEND\node_modules\raw-body\index.js:238:16)
    at done (C:\Users\nisha\Videos\OnlineAsessmentPlatform- BACKEND\node_modules\raw-body\index.js:227:7)
    at IncomingMessage.onEnd (C:\Users\nisha\Videos\OnlineAsessmentPlatform- BACKEND\node_modules\raw-body\index.js:287:7)
    at IncomingMessage.emit (node:events:524:28)
    at endReadableNT (node:internal/streams/readable:1698:12)
    at process.processTicksAndRejections (node:internal/process/task_queues:90:21)
2025-04-22 10:35:34 [ERROR]: Token verification failed
2025-04-22 10:35:34 [ERROR]: Token verification failed
2025-04-22 10:35:34 [ERROR]: Token verification failed
2025-04-22 10:36:58 [ERROR]: Error in createResult: proctorFlags.map is not a function
TypeError: proctorFlags.map is not a function
    at exports.submitExam (C:\Users\nisha\Videos\OnlineAsessmentPlatform- BACKEND\controllers\resultController.js:97:48)
    at process.processTicksAndRejections (node:internal/process/task_queues:105:5)
2025-04-22 10:36:58 [ERROR]: POST /api/result 500 118ms
